  GraphicsHelper.cpp
C:\Users\Owi\Downloads\New folder\Nicolas.Owens.CGLab2\CG Lab 2\CG Lab 2\GraphicsHelper.cpp(40,20): warning C4244: 'initializing': conversion from 'float' to 'unsigned int', possible loss of data
C:\Users\Owi\Downloads\New folder\Nicolas.Owens.CGLab2\CG Lab 2\CG Lab 2\GraphicsHelper.cpp(41,20): warning C4244: 'initializing': conversion from 'float' to 'unsigned int', possible loss of data
C:\Users\Owi\Downloads\New folder\Nicolas.Owens.CGLab2\CG Lab 2\CG Lab 2\GraphicsHelper.cpp(42,20): warning C4244: 'initializing': conversion from 'float' to 'unsigned int', possible loss of data
C:\Users\Owi\Downloads\New folder\Nicolas.Owens.CGLab2\CG Lab 2\CG Lab 2\GraphicsHelper.cpp(43,20): warning C4244: 'initializing': conversion from 'float' to 'unsigned int', possible loss of data
C:\Users\Owi\Downloads\New folder\Nicolas.Owens.CGLab2\CG Lab 2\CG Lab 2\GraphicsHelper.cpp(64,20): warning C4244: 'initializing': conversion from 'float' to 'unsigned int', possible loss of data
C:\Users\Owi\Downloads\New folder\Nicolas.Owens.CGLab2\CG Lab 2\CG Lab 2\GraphicsHelper.cpp(65,20): warning C4244: 'initializing': conversion from 'float' to 'unsigned int', possible loss of data
C:\Users\Owi\Downloads\New folder\Nicolas.Owens.CGLab2\CG Lab 2\CG Lab 2\GraphicsHelper.cpp(66,20): warning C4244: 'initializing': conversion from 'float' to 'unsigned int', possible loss of data
C:\Users\Owi\Downloads\New folder\Nicolas.Owens.CGLab2\CG Lab 2\CG Lab 2\GraphicsHelper.cpp(67,20): warning C4244: 'initializing': conversion from 'float' to 'unsigned int', possible loss of data
C:\Users\Owi\Downloads\New folder\Nicolas.Owens.CGLab2\CG Lab 2\CG Lab 2\GraphicsHelper.cpp(93,18): warning C4244: 'initializing': conversion from 'float' to 'size_t', possible loss of data
C:\Users\Owi\Downloads\New folder\Nicolas.Owens.CGLab2\CG Lab 2\CG Lab 2\GraphicsHelper.cpp(95,48): warning C4267: 'argument': conversion from 'size_t' to 'int', possible loss of data
C:\Users\Owi\Downloads\New folder\Nicolas.Owens.CGLab2\CG Lab 2\CG Lab 2\GraphicsHelper.cpp(95,41): warning C4244: 'argument': conversion from 'float' to 'int', possible loss of data
C:\Users\Owi\Downloads\New folder\Nicolas.Owens.CGLab2\CG Lab 2\CG Lab 2\GraphicsHelper.cpp(130,18): warning C4244: 'initializing': conversion from 'float' to 'size_t', possible loss of data
C:\Users\Owi\Downloads\New folder\Nicolas.Owens.CGLab2\CG Lab 2\CG Lab 2\GraphicsHelper.cpp(132,48): warning C4267: 'argument': conversion from 'size_t' to 'int', possible loss of data
C:\Users\Owi\Downloads\New folder\Nicolas.Owens.CGLab2\CG Lab 2\CG Lab 2\GraphicsHelper.cpp(132,41): warning C4244: 'argument': conversion from 'float' to 'int', possible loss of data
C:\Users\Owi\Downloads\New folder\Nicolas.Owens.CGLab2\CG Lab 2\CG Lab 2\GraphicsHelper.cpp(154,18): warning C4244: 'initializing': conversion from 'float' to 'size_t', possible loss of data
C:\Users\Owi\Downloads\New folder\Nicolas.Owens.CGLab2\CG Lab 2\CG Lab 2\GraphicsHelper.cpp(156,44): warning C4244: 'argument': conversion from 'float' to 'int', possible loss of data
C:\Users\Owi\Downloads\New folder\Nicolas.Owens.CGLab2\CG Lab 2\CG Lab 2\GraphicsHelper.cpp(156,41): warning C4267: 'argument': conversion from 'size_t' to 'int', possible loss of data
C:\Users\Owi\Downloads\New folder\Nicolas.Owens.CGLab2\CG Lab 2\CG Lab 2\GraphicsHelper.cpp(190,18): warning C4244: 'initializing': conversion from 'float' to 'size_t', possible loss of data
C:\Users\Owi\Downloads\New folder\Nicolas.Owens.CGLab2\CG Lab 2\CG Lab 2\GraphicsHelper.cpp(192,44): warning C4244: 'argument': conversion from 'float' to 'int', possible loss of data
C:\Users\Owi\Downloads\New folder\Nicolas.Owens.CGLab2\CG Lab 2\CG Lab 2\GraphicsHelper.cpp(192,41): warning C4267: 'argument': conversion from 'size_t' to 'int', possible loss of data
C:\Users\Owi\Downloads\New folder\Nicolas.Owens.CGLab2\CG Lab 2\CG Lab 2\GraphicsHelper.cpp(230,18): warning C4244: 'initializing': conversion from 'float' to 'size_t', possible loss of data
C:\Users\Owi\Downloads\New folder\Nicolas.Owens.CGLab2\CG Lab 2\CG Lab 2\GraphicsHelper.cpp(234,49): warning C4244: 'argument': conversion from 'double' to 'int', possible loss of data
C:\Users\Owi\Downloads\New folder\Nicolas.Owens.CGLab2\CG Lab 2\CG Lab 2\GraphicsHelper.cpp(234,41): warning C4267: 'argument': conversion from 'size_t' to 'int', possible loss of data
C:\Users\Owi\Downloads\New folder\Nicolas.Owens.CGLab2\CG Lab 2\CG Lab 2\GraphicsHelper.cpp(239,18): warning C4244: 'initializing': conversion from 'float' to 'size_t', possible loss of data
C:\Users\Owi\Downloads\New folder\Nicolas.Owens.CGLab2\CG Lab 2\CG Lab 2\GraphicsHelper.cpp(243,49): warning C4244: 'argument': conversion from 'double' to 'int', possible loss of data
C:\Users\Owi\Downloads\New folder\Nicolas.Owens.CGLab2\CG Lab 2\CG Lab 2\GraphicsHelper.cpp(243,41): warning C4267: 'argument': conversion from 'size_t' to 'int', possible loss of data
C:\Users\Owi\Downloads\New folder\Nicolas.Owens.CGLab2\CG Lab 2\CG Lab 2\GraphicsHelper.cpp(252,18): warning C4244: 'initializing': conversion from 'float' to 'size_t', possible loss of data
C:\Users\Owi\Downloads\New folder\Nicolas.Owens.CGLab2\CG Lab 2\CG Lab 2\GraphicsHelper.cpp(256,62): warning C4267: 'argument': conversion from 'size_t' to 'int', possible loss of data
C:\Users\Owi\Downloads\New folder\Nicolas.Owens.CGLab2\CG Lab 2\CG Lab 2\GraphicsHelper.cpp(256,46): warning C4244: 'argument': conversion from 'float' to 'int', possible loss of data
C:\Users\Owi\Downloads\New folder\Nicolas.Owens.CGLab2\CG Lab 2\CG Lab 2\GraphicsHelper.cpp(261,18): warning C4244: 'initializing': conversion from 'float' to 'size_t', possible loss of data
C:\Users\Owi\Downloads\New folder\Nicolas.Owens.CGLab2\CG Lab 2\CG Lab 2\GraphicsHelper.cpp(265,61): warning C4267: 'argument': conversion from 'size_t' to 'int', possible loss of data
C:\Users\Owi\Downloads\New folder\Nicolas.Owens.CGLab2\CG Lab 2\CG Lab 2\GraphicsHelper.cpp(265,46): warning C4244: 'argument': conversion from 'double' to 'int', possible loss of data
C:\Users\Owi\Downloads\New folder\Nicolas.Owens.CGLab2\CG Lab 2\CG Lab 2\GraphicsHelper.cpp(284,18): warning C4244: 'initializing': conversion from 'float' to 'size_t', possible loss of data
C:\Users\Owi\Downloads\New folder\Nicolas.Owens.CGLab2\CG Lab 2\CG Lab 2\GraphicsHelper.cpp(288,49): warning C4244: 'argument': conversion from 'double' to 'int', possible loss of data
C:\Users\Owi\Downloads\New folder\Nicolas.Owens.CGLab2\CG Lab 2\CG Lab 2\GraphicsHelper.cpp(288,41): warning C4267: 'argument': conversion from 'size_t' to 'int', possible loss of data
C:\Users\Owi\Downloads\New folder\Nicolas.Owens.CGLab2\CG Lab 2\CG Lab 2\GraphicsHelper.cpp(293,18): warning C4244: 'initializing': conversion from 'float' to 'size_t', possible loss of data
C:\Users\Owi\Downloads\New folder\Nicolas.Owens.CGLab2\CG Lab 2\CG Lab 2\GraphicsHelper.cpp(297,49): warning C4244: 'argument': conversion from 'double' to 'int', possible loss of data
C:\Users\Owi\Downloads\New folder\Nicolas.Owens.CGLab2\CG Lab 2\CG Lab 2\GraphicsHelper.cpp(297,41): warning C4267: 'argument': conversion from 'size_t' to 'int', possible loss of data
C:\Users\Owi\Downloads\New folder\Nicolas.Owens.CGLab2\CG Lab 2\CG Lab 2\GraphicsHelper.cpp(306,18): warning C4244: 'initializing': conversion from 'float' to 'size_t', possible loss of data
C:\Users\Owi\Downloads\New folder\Nicolas.Owens.CGLab2\CG Lab 2\CG Lab 2\GraphicsHelper.cpp(310,62): warning C4267: 'argument': conversion from 'size_t' to 'int', possible loss of data
C:\Users\Owi\Downloads\New folder\Nicolas.Owens.CGLab2\CG Lab 2\CG Lab 2\GraphicsHelper.cpp(310,46): warning C4244: 'argument': conversion from 'float' to 'int', possible loss of data
C:\Users\Owi\Downloads\New folder\Nicolas.Owens.CGLab2\CG Lab 2\CG Lab 2\GraphicsHelper.cpp(315,18): warning C4244: 'initializing': conversion from 'float' to 'size_t', possible loss of data
C:\Users\Owi\Downloads\New folder\Nicolas.Owens.CGLab2\CG Lab 2\CG Lab 2\GraphicsHelper.cpp(319,61): warning C4267: 'argument': conversion from 'size_t' to 'int', possible loss of data
C:\Users\Owi\Downloads\New folder\Nicolas.Owens.CGLab2\CG Lab 2\CG Lab 2\GraphicsHelper.cpp(319,46): warning C4244: 'argument': conversion from 'double' to 'int', possible loss of data
C:\Users\Owi\Downloads\New folder\Nicolas.Owens.CGLab2\CG Lab 2\CG Lab 2\GraphicsHelper.cpp(352,18): warning C4244: 'initializing': conversion from 'float' to 'size_t', possible loss of data
C:\Users\Owi\Downloads\New folder\Nicolas.Owens.CGLab2\CG Lab 2\CG Lab 2\GraphicsHelper.cpp(354,44): warning C4244: 'argument': conversion from 'float' to 'int', possible loss of data
C:\Users\Owi\Downloads\New folder\Nicolas.Owens.CGLab2\CG Lab 2\CG Lab 2\GraphicsHelper.cpp(354,41): warning C4267: 'argument': conversion from 'size_t' to 'int', possible loss of data
C:\Users\Owi\Downloads\New folder\Nicolas.Owens.CGLab2\CG Lab 2\CG Lab 2\GraphicsHelper.cpp(355,21): warning C4244: 'initializing': conversion from 'size_t' to 'float', possible loss of data
C:\Users\Owi\Downloads\New folder\Nicolas.Owens.CGLab2\CG Lab 2\CG Lab 2\GraphicsHelper.cpp(356,21): warning C4244: 'initializing': conversion from 'double' to 'float', possible loss of data
C:\Users\Owi\Downloads\New folder\Nicolas.Owens.CGLab2\CG Lab 2\CG Lab 2\GraphicsHelper.cpp(373,18): warning C4244: 'initializing': conversion from 'float' to 'size_t', possible loss of data
C:\Users\Owi\Downloads\New folder\Nicolas.Owens.CGLab2\CG Lab 2\CG Lab 2\GraphicsHelper.cpp(375,44): warning C4244: 'argument': conversion from 'float' to 'int', possible loss of data
C:\Users\Owi\Downloads\New folder\Nicolas.Owens.CGLab2\CG Lab 2\CG Lab 2\GraphicsHelper.cpp(375,41): warning C4267: 'argument': conversion from 'size_t' to 'int', possible loss of data
C:\Users\Owi\Downloads\New folder\Nicolas.Owens.CGLab2\CG Lab 2\CG Lab 2\GraphicsHelper.cpp(376,21): warning C4244: 'initializing': conversion from 'size_t' to 'float', possible loss of data
C:\Users\Owi\Downloads\New folder\Nicolas.Owens.CGLab2\CG Lab 2\CG Lab 2\GraphicsHelper.cpp(377,21): warning C4244: 'initializing': conversion from 'double' to 'float', possible loss of data
C:\Users\Owi\Downloads\New folder\Nicolas.Owens.CGLab2\CG Lab 2\CG Lab 2\GraphicsHelper.cpp(399,18): warning C4244: 'initializing': conversion from 'float' to 'size_t', possible loss of data
C:\Users\Owi\Downloads\New folder\Nicolas.Owens.CGLab2\CG Lab 2\CG Lab 2\GraphicsHelper.cpp(401,48): warning C4267: 'argument': conversion from 'size_t' to 'int', possible loss of data
C:\Users\Owi\Downloads\New folder\Nicolas.Owens.CGLab2\CG Lab 2\CG Lab 2\GraphicsHelper.cpp(401,41): warning C4244: 'argument': conversion from 'float' to 'int', possible loss of data
C:\Users\Owi\Downloads\New folder\Nicolas.Owens.CGLab2\CG Lab 2\CG Lab 2\GraphicsHelper.cpp(402,21): warning C4244: 'initializing': conversion from 'double' to 'float', possible loss of data
C:\Users\Owi\Downloads\New folder\Nicolas.Owens.CGLab2\CG Lab 2\CG Lab 2\GraphicsHelper.cpp(403,21): warning C4244: 'initializing': conversion from 'size_t' to 'float', possible loss of data
C:\Users\Owi\Downloads\New folder\Nicolas.Owens.CGLab2\CG Lab 2\CG Lab 2\GraphicsHelper.cpp(421,18): warning C4244: 'initializing': conversion from 'float' to 'size_t', possible loss of data
C:\Users\Owi\Downloads\New folder\Nicolas.Owens.CGLab2\CG Lab 2\CG Lab 2\GraphicsHelper.cpp(423,48): warning C4267: 'argument': conversion from 'size_t' to 'int', possible loss of data
C:\Users\Owi\Downloads\New folder\Nicolas.Owens.CGLab2\CG Lab 2\CG Lab 2\GraphicsHelper.cpp(423,41): warning C4244: 'argument': conversion from 'float' to 'int', possible loss of data
C:\Users\Owi\Downloads\New folder\Nicolas.Owens.CGLab2\CG Lab 2\CG Lab 2\GraphicsHelper.cpp(424,21): warning C4244: 'initializing': conversion from 'double' to 'float', possible loss of data
C:\Users\Owi\Downloads\New folder\Nicolas.Owens.CGLab2\CG Lab 2\CG Lab 2\GraphicsHelper.cpp(425,21): warning C4244: 'initializing': conversion from 'size_t' to 'float', possible loss of data
  Generating code
  5 of 326 functions ( 1.5%) were compiled, the rest were copied from previous compilation.
    0 functions were new in current compilation
    0 functions had inline decision re-evaluated but remain unchanged
  Finished generating code
  CG Lab 2.vcxproj -> C:\Users\Owi\Downloads\New folder\Nicolas.Owens.CGLab2\CG Lab 2\CG Lab 2\x64\Release\CG Lab 2.exe
